<?xml version="1.0" encoding="UTF-8"?>
<testsuite xmlns:xsi="http://www.w3.org/2001/XMLSchema-instance" xsi:noNamespaceSchemaLocation="https://maven.apache.org/surefire/maven-surefire-plugin/xsd/surefire-test-report-3.0.xsd" version="3.0" name="org.example.ClaseExamenTest" time="0.048" tests="5" errors="0" skipped="0" failures="0">
  <properties>
[...]
</properties>
  <testcase name="test13" classname="org.example.ClaseExamenTest" time="0.028"/>
  <testcase name="test15" classname="org.example.ClaseExamenTest" time="0.001"/>
  <testcase name="test25" classname="org.example.ClaseExamenTest" time="0.001"/>
  <testcase name="test6" classname="org.example.ClaseExamenTest" time="0.001"/>
  <testcase name="testInvalid" classname="org.example.ClaseExamenTest" time="0.001"/>
</testsuite>